\BOOKMARK [0][]{figure.caption.1}{Inhaltsverzeichnis}{}% 1
\BOOKMARK [0][]{figure.caption.1}{Abbildungsverzeichnis}{}% 2
\BOOKMARK [0][]{section*.2}{Tabellenverzeichnis}{}% 3
\BOOKMARK [0][]{chapter.1}{1 Einleitung}{}% 4
\BOOKMARK [1][]{section.1.1}{1.1 Team}{chapter.1}% 5
\BOOKMARK [1][]{section.1.2}{1.2 Rollenverteilung}{chapter.1}% 6
\BOOKMARK [1][]{section.1.3}{1.3 Spielidee}{chapter.1}% 7
\BOOKMARK [2][]{subsection.1.3.1}{1.3.1 Spielkonzept}{section.1.3}% 8
\BOOKMARK [2][]{subsection.1.3.2}{1.3.2 Entwurfsskizze}{section.1.3}% 9
\BOOKMARK [2][]{subsection.1.3.3}{1.3.3 Erforderliche Software}{section.1.3}% 10
\BOOKMARK [0][]{chapter.2}{2 Phasen}{}% 11
\BOOKMARK [1][]{section.2.1}{2.1 Entwurf und Anforderungen}{chapter.2}% 12
\BOOKMARK [2][]{subsection.2.1.1}{2.1.1 Funktionale Anforderungen}{section.2.1}% 13
\BOOKMARK [2][]{subsection.2.1.2}{2.1.2 Nicht funktionale Anforderungen}{section.2.1}% 14
\BOOKMARK [2][]{subsection.2.1.3}{2.1.3 Projektplan}{section.2.1}% 15
\BOOKMARK [2][]{subsection.2.1.4}{2.1.4 Releaseplan}{section.2.1}% 16
\BOOKMARK [1][]{section.2.2}{2.2 Implementation - Zwischenstand}{chapter.2}% 17
\BOOKMARK [2][]{subsection.2.2.1}{2.2.1 Erf\374llte Anforderungen}{section.2.2}% 18
\BOOKMARK [2][]{subsection.2.2.2}{2.2.2 Nicht erf\374llte Anforderungen}{section.2.2}% 19
\BOOKMARK [2][]{subsection.2.2.3}{2.2.3 Das Spiel}{section.2.2}% 20
\BOOKMARK [2][]{subsection.2.2.4}{2.2.4 Bibliothek}{section.2.2}% 21
\BOOKMARK [2][]{subsection.2.2.5}{2.2.5 Code}{section.2.2}% 22
\BOOKMARK [2][]{subsection.2.2.6}{2.2.6 N\344chste Ziele}{section.2.2}% 23
\BOOKMARK [1][]{section.2.3}{2.3 Implementation - Endstand}{chapter.2}% 24
\BOOKMARK [2][]{subsection.2.3.1}{2.3.1 Spielkonzept \304nderungen}{section.2.3}% 25
\BOOKMARK [2][]{subsection.2.3.2}{2.3.2 Funktionsdiagramm}{section.2.3}% 26
\BOOKMARK [2][]{subsection.2.3.3}{2.3.3 Grafiken}{section.2.3}% 27
\BOOKMARK [2][]{subsection.2.3.4}{2.3.4 Code \304nderungen}{section.2.3}% 28
\BOOKMARK [2][]{subsection.2.3.5}{2.3.5 Das Spiel - Endstand}{section.2.3}% 29
\BOOKMARK [2][]{subsection.2.3.6}{2.3.6 Sounds}{section.2.3}% 30
\BOOKMARK [1][]{section.2.4}{2.4 Test}{chapter.2}% 31
\BOOKMARK [2][]{subsection.2.4.1}{2.4.1 Umfang}{section.2.4}% 32
\BOOKMARK [2][]{subsection.2.4.2}{2.4.2 Testplan}{section.2.4}% 33
\BOOKMARK [2][]{subsection.2.4.3}{2.4.3 Testberichte}{section.2.4}% 34
\BOOKMARK [2][]{subsection.2.4.4}{2.4.4 Testberichte analysieren}{section.2.4}% 35
\BOOKMARK [2][]{subsection.2.4.5}{2.4.5 Bug Beschreibung}{section.2.4}% 36
\BOOKMARK [2][]{subsection.2.4.6}{2.4.6 Browsertest}{section.2.4}% 37
\BOOKMARK [2][]{subsection.2.4.7}{2.4.7 Bug Behebung}{section.2.4}% 38
\BOOKMARK [0][]{chapter.3}{3 Github - Changelog}{}% 39
\BOOKMARK [0][]{chapter.4}{4 Ausblick}{}% 40
\BOOKMARK [0][]{chapter.5}{5 Fazit}{}% 41
\BOOKMARK [0][]{chapter*.23}{Literaturverzeichnis}{}% 42
\BOOKMARK [0][]{chapter*.24}{Eidesstattliche Erkl\344rung}{}% 43
\BOOKMARK [0][]{appendix.A}{A Anhang}{}% 44
\BOOKMARK [1][]{section.A.1}{A.1 game.js}{appendix.A}% 45
\BOOKMARK [1][]{section.A.2}{A.2 game.css}{appendix.A}% 46
\BOOKMARK [1][]{section.A.3}{A.3 index.html}{appendix.A}% 47
