\BOOKMARK [0][]{chapter*.2}{Inhaltsverzeichnis}{}% 1
\BOOKMARK [0][]{chapter*.2}{Abbildungsverzeichnis}{}% 2
\BOOKMARK [0][]{section*.3}{Tabellenverzeichnis}{}% 3
\BOOKMARK [0][]{chapter*.4}{Abk\374rzungsverzeichnis}{}% 4
\BOOKMARK [0][]{chapter.1}{1 Einleitung}{}% 5
\BOOKMARK [1][]{section.1.1}{1.1 Team}{chapter.1}% 6
\BOOKMARK [1][]{section.1.2}{1.2 Rollenverteilung}{chapter.1}% 7
\BOOKMARK [1][]{section.1.3}{1.3 Spielidee}{chapter.1}% 8
\BOOKMARK [2][]{subsection.1.3.1}{1.3.1 Spielkonzept}{section.1.3}% 9
\BOOKMARK [2][]{subsection.1.3.2}{1.3.2 Entwurfsskizze}{section.1.3}% 10
\BOOKMARK [2][]{subsection.1.3.3}{1.3.3 Erforderliche Software}{section.1.3}% 11
\BOOKMARK [0][]{chapter.2}{2 Phasen}{}% 12
\BOOKMARK [1][]{section.2.1}{2.1 Entwurf und Anforderungen}{chapter.2}% 13
\BOOKMARK [2][]{subsection.2.1.1}{2.1.1 Funktionale Anforderungen}{section.2.1}% 14
\BOOKMARK [2][]{subsection.2.1.2}{2.1.2 Nicht funktionale Anforderungen}{section.2.1}% 15
\BOOKMARK [2][]{subsection.2.1.3}{2.1.3 Projektplan}{section.2.1}% 16
\BOOKMARK [2][]{subsection.2.1.4}{2.1.4 Releaseplan}{section.2.1}% 17
\BOOKMARK [1][]{section.2.2}{2.2 Implementation}{chapter.2}% 18
\BOOKMARK [2][]{subsection.2.2.1}{2.2.1 Code}{section.2.2}% 19
\BOOKMARK [1][]{section.2.3}{2.3 Test}{chapter.2}% 20
\BOOKMARK [1][]{section.2.4}{2.4 Dokumentation \046 Pr\344sentation}{chapter.2}% 21
\BOOKMARK [0][]{chapter.3}{3 Ausblick}{}% 22
\BOOKMARK [0][]{chapter.4}{4 Fazit}{}% 23
\BOOKMARK [0][]{chapter*.12}{Literaturverzeichnis}{}% 24
\BOOKMARK [0][]{chapter*.13}{Eidesstattliche Erkl\344rung}{}% 25
